[  328607ms] [INFO] %cDownload the React DevTools for a better development experience: https://react.dev/link/react-devtools font-weight:bold @ http://localhost:5173/node_modules/.vite/deps/react-dom_client.js?v=665a8c76:20100
[  328740ms] [LOG] MIDI connected: 0 input(s) @ http://localhost:5173/src/hooks/useMidi.ts?t=1776017266762:34
[  328740ms] [LOG] MIDI connected: 0 input(s) @ http://localhost:5173/src/hooks/useMidi.ts?t=1776017266762:34
[  328743ms] [WARNING] Error while trying to use the following icon from the Manifest: http://localhost:5173/icon-192.png (Download error or resource isn't a valid image) @ http://localhost:5173/:0
[  331245ms] [LOG] WASM worklet init failed (using TS fallback): TypeError: WebAssembly.instantiate(): Import #0 "a": module is not an object or function @ http://localhost:5173/src/audio/AudioEngine.ts?t=1776017266762:625
[  625017ms] [INFO] %cDownload the React DevTools for a better development experience: https://react.dev/link/react-devtools font-weight:bold @ http://localhost:5173/node_modules/.vite/deps/react-dom_client.js?v=665a8c76:20100
[  625049ms] [LOG] MIDI connected: 0 input(s) @ http://localhost:5173/src/hooks/useMidi.ts?t=1776017266762:34
[  625049ms] [LOG] MIDI connected: 0 input(s) @ http://localhost:5173/src/hooks/useMidi.ts?t=1776017266762:34
[  625056ms] [WARNING] Error while trying to use the following icon from the Manifest: http://localhost:5173/icon-192.png (Download error or resource isn't a valid image) @ http://localhost:5173/:0
[  638998ms] [INFO] %cDownload the React DevTools for a better development experience: https://react.dev/link/react-devtools font-weight:bold @ http://localhost:5173/node_modules/.vite/deps/react-dom_client.js?v=665a8c76:20100
[  639018ms] [LOG] MIDI connected: 0 input(s) @ http://localhost:5173/src/hooks/useMidi.ts?t=1776017266762:34
[  639018ms] [LOG] MIDI connected: 0 input(s) @ http://localhost:5173/src/hooks/useMidi.ts?t=1776017266762:34
[  639022ms] [WARNING] Error while trying to use the following icon from the Manifest: http://localhost:5173/icon-192.png (Download error or resource isn't a valid image) @ http://localhost:5173/:0
[  656369ms] [INFO] %cDownload the React DevTools for a better development experience: https://react.dev/link/react-devtools font-weight:bold @ http://localhost:5173/node_modules/.vite/deps/react-dom_client.js?v=665a8c76:20100
[  656384ms] [LOG] MIDI connected: 0 input(s) @ http://localhost:5173/src/hooks/useMidi.ts?t=1776017266762:34
[  656561ms] [LOG] MIDI connected: 0 input(s) @ http://localhost:5173/src/hooks/useMidi.ts?t=1776017266762:34
[  656569ms] [WARNING] Error while trying to use the following icon from the Manifest: http://localhost:5173/icon-192.png (Download error or resource isn't a valid image) @ http://localhost:5173/:0
[  659936ms] [INFO] %cDownload the React DevTools for a better development experience: https://react.dev/link/react-devtools font-weight:bold @ http://localhost:5173/node_modules/.vite/deps/react-dom_client.js?v=665a8c76:20100
[  659954ms] [LOG] MIDI connected: 0 input(s) @ http://localhost:5173/src/hooks/useMidi.ts?t=1776017266762:34
[  659957ms] [LOG] MIDI connected: 0 input(s) @ http://localhost:5173/src/hooks/useMidi.ts?t=1776017266762:34
[  659958ms] [WARNING] Error while trying to use the following icon from the Manifest: http://localhost:5173/icon-192.png (Download error or resource isn't a valid image) @ http://localhost:5173/:0
[  660435ms] [INFO] %cDownload the React DevTools for a better development experience: https://react.dev/link/react-devtools font-weight:bold @ http://localhost:5173/node_modules/.vite/deps/react-dom_client.js?v=665a8c76:20100
[  660445ms] [LOG] MIDI connected: 0 input(s) @ http://localhost:5173/src/hooks/useMidi.ts?t=1776017266762:34
[  660446ms] [LOG] MIDI connected: 0 input(s) @ http://localhost:5173/src/hooks/useMidi.ts?t=1776017266762:34
[  660455ms] [WARNING] Error while trying to use the following icon from the Manifest: http://localhost:5173/icon-192.png (Download error or resource isn't a valid image) @ http://localhost:5173/:0
[  808076ms] [INFO] %cDownload the React DevTools for a better development experience: https://react.dev/link/react-devtools font-weight:bold @ http://localhost:5173/node_modules/.vite/deps/react-dom_client.js?v=665a8c76:20100
[  808152ms] [LOG] MIDI connected: 0 input(s) @ http://localhost:5173/src/hooks/useMidi.ts?t=1776017266762:34
[  808152ms] [LOG] MIDI connected: 0 input(s) @ http://localhost:5173/src/hooks/useMidi.ts?t=1776017266762:34
[  808156ms] [WARNING] Error while trying to use the following icon from the Manifest: http://localhost:5173/icon-192.png (Download error or resource isn't a valid image) @ http://localhost:5173/:0
[  837394ms] [INFO] %cDownload the React DevTools for a better development experience: https://react.dev/link/react-devtools font-weight:bold @ http://localhost:5173/node_modules/.vite/deps/react-dom_client.js?v=665a8c76:20100
[  837427ms] [LOG] MIDI connected: 0 input(s) @ http://localhost:5173/src/hooks/useMidi.ts?t=1776017266762:34
[  837428ms] [LOG] MIDI connected: 0 input(s) @ http://localhost:5173/src/hooks/useMidi.ts?t=1776017266762:34
[  837437ms] [WARNING] Error while trying to use the following icon from the Manifest: http://localhost:5173/icon-192.png (Download error or resource isn't a valid image) @ http://localhost:5173/:0
[  841083ms] [INFO] %cDownload the React DevTools for a better development experience: https://react.dev/link/react-devtools font-weight:bold @ http://localhost:5173/node_modules/.vite/deps/react-dom_client.js?v=665a8c76:20100
[  841116ms] [LOG] MIDI connected: 0 input(s) @ http://localhost:5173/src/hooks/useMidi.ts?t=1776017266762:34
[  841117ms] [LOG] MIDI connected: 0 input(s) @ http://localhost:5173/src/hooks/useMidi.ts?t=1776017266762:34
[  841125ms] [WARNING] Error while trying to use the following icon from the Manifest: http://localhost:5173/icon-192.png (Download error or resource isn't a valid image) @ http://localhost:5173/:0
[  841510ms] [INFO] %cDownload the React DevTools for a better development experience: https://react.dev/link/react-devtools font-weight:bold @ http://localhost:5173/node_modules/.vite/deps/react-dom_client.js?v=665a8c76:20100
[  841525ms] [LOG] MIDI connected: 0 input(s) @ http://localhost:5173/src/hooks/useMidi.ts?t=1776017266762:34
[  841525ms] [LOG] MIDI connected: 0 input(s) @ http://localhost:5173/src/hooks/useMidi.ts?t=1776017266762:34
[  841532ms] [WARNING] Error while trying to use the following icon from the Manifest: http://localhost:5173/icon-192.png (Download error or resource isn't a valid image) @ http://localhost:5173/:0
[  911874ms] [INFO] %cDownload the React DevTools for a better development experience: https://react.dev/link/react-devtools font-weight:bold @ http://localhost:5173/node_modules/.vite/deps/react-dom_client.js?v=665a8c76:20100
[  911895ms] [LOG] MIDI connected: 0 input(s) @ http://localhost:5173/src/hooks/useMidi.ts?t=1776017266762:34
[  911895ms] [LOG] MIDI connected: 0 input(s) @ http://localhost:5173/src/hooks/useMidi.ts?t=1776017266762:34
[  911905ms] [WARNING] Error while trying to use the following icon from the Manifest: http://localhost:5173/icon-192.png (Download error or resource isn't a valid image) @ http://localhost:5173/:0
[  915015ms] [INFO] %cDownload the React DevTools for a better development experience: https://react.dev/link/react-devtools font-weight:bold @ http://localhost:5173/node_modules/.vite/deps/react-dom_client.js?v=665a8c76:20100
[  915048ms] [LOG] MIDI connected: 0 input(s) @ http://localhost:5173/src/hooks/useMidi.ts?t=1776017266762:34
[  915049ms] [LOG] MIDI connected: 0 input(s) @ http://localhost:5173/src/hooks/useMidi.ts?t=1776017266762:34
[  915056ms] [WARNING] Error while trying to use the following icon from the Manifest: http://localhost:5173/icon-192.png (Download error or resource isn't a valid image) @ http://localhost:5173/:0
[  915325ms] [INFO] %cDownload the React DevTools for a better development experience: https://react.dev/link/react-devtools font-weight:bold @ http://localhost:5173/node_modules/.vite/deps/react-dom_client.js?v=665a8c76:20100
[  915334ms] [LOG] MIDI connected: 0 input(s) @ http://localhost:5173/src/hooks/useMidi.ts?t=1776017266762:34
[  915335ms] [LOG] MIDI connected: 0 input(s) @ http://localhost:5173/src/hooks/useMidi.ts?t=1776017266762:34
[  915346ms] [WARNING] Error while trying to use the following icon from the Manifest: http://localhost:5173/icon-192.png (Download error or resource isn't a valid image) @ http://localhost:5173/:0
[ 1365517ms] [INFO] %cDownload the React DevTools for a better development experience: https://react.dev/link/react-devtools font-weight:bold @ http://localhost:5173/node_modules/.vite/deps/react-dom_client.js?v=665a8c76:20100
[ 1365591ms] [WARNING] Error while trying to use the following icon from the Manifest: http://localhost:5173/icon-192.png (Download error or resource isn't a valid image) @ http://localhost:5173/:0
[ 1365592ms] [LOG] MIDI connected: 0 input(s) @ http://localhost:5173/src/hooks/useMidi.ts?t=1776017266762:34
[ 1365592ms] [LOG] MIDI connected: 0 input(s) @ http://localhost:5173/src/hooks/useMidi.ts?t=1776017266762:34
[ 1376992ms] [INFO] %cDownload the React DevTools for a better development experience: https://react.dev/link/react-devtools font-weight:bold @ http://localhost:5173/node_modules/.vite/deps/react-dom_client.js?v=665a8c76:20100
[ 1377006ms] [LOG] MIDI connected: 0 input(s) @ http://localhost:5173/src/hooks/useMidi.ts?t=1776017266762:34
[ 1377006ms] [LOG] MIDI connected: 0 input(s) @ http://localhost:5173/src/hooks/useMidi.ts?t=1776017266762:34
[ 1377008ms] [WARNING] Error while trying to use the following icon from the Manifest: http://localhost:5173/icon-192.png (Download error or resource isn't a valid image) @ http://localhost:5173/:0
[ 1392107ms] [INFO] %cDownload the React DevTools for a better development experience: https://react.dev/link/react-devtools font-weight:bold @ http://localhost:5173/node_modules/.vite/deps/react-dom_client.js?v=665a8c76:20100
[ 1392115ms] [LOG] MIDI connected: 0 input(s) @ http://localhost:5173/src/hooks/useMidi.ts?t=1776017266762:34
[ 1392115ms] [LOG] MIDI connected: 0 input(s) @ http://localhost:5173/src/hooks/useMidi.ts?t=1776017266762:34
[ 1392118ms] [WARNING] Error while trying to use the following icon from the Manifest: http://localhost:5173/icon-192.png (Download error or resource isn't a valid image) @ http://localhost:5173/:0
[ 1392218ms] [INFO] %cDownload the React DevTools for a better development experience: https://react.dev/link/react-devtools font-weight:bold @ http://localhost:5173/node_modules/.vite/deps/react-dom_client.js?v=665a8c76:20100
[ 1392230ms] [LOG] MIDI connected: 0 input(s) @ http://localhost:5173/src/hooks/useMidi.ts?t=1776017266762:34
[ 1392230ms] [LOG] MIDI connected: 0 input(s) @ http://localhost:5173/src/hooks/useMidi.ts?t=1776017266762:34
[ 1392233ms] [WARNING] Error while trying to use the following icon from the Manifest: http://localhost:5173/icon-192.png (Download error or resource isn't a valid image) @ http://localhost:5173/:0
[ 1396236ms] [INFO] %cDownload the React DevTools for a better development experience: https://react.dev/link/react-devtools font-weight:bold @ http://localhost:5173/node_modules/.vite/deps/react-dom_client.js?v=665a8c76:20100
[ 1396248ms] [LOG] MIDI connected: 0 input(s) @ http://localhost:5173/src/hooks/useMidi.ts?t=1776017266762:34
[ 1396249ms] [LOG] MIDI connected: 0 input(s) @ http://localhost:5173/src/hooks/useMidi.ts?t=1776017266762:34
[ 1396252ms] [WARNING] Error while trying to use the following icon from the Manifest: http://localhost:5173/icon-192.png (Download error or resource isn't a valid image) @ http://localhost:5173/:0
[ 1396615ms] [INFO] %cDownload the React DevTools for a better development experience: https://react.dev/link/react-devtools font-weight:bold @ http://localhost:5173/node_modules/.vite/deps/react-dom_client.js?v=665a8c76:20100
[ 1396626ms] [LOG] MIDI connected: 0 input(s) @ http://localhost:5173/src/hooks/useMidi.ts?t=1776017266762:34
[ 1396627ms] [LOG] MIDI connected: 0 input(s) @ http://localhost:5173/src/hooks/useMidi.ts?t=1776017266762:34
[ 1396631ms] [WARNING] Error while trying to use the following icon from the Manifest: http://localhost:5173/icon-192.png (Download error or resource isn't a valid image) @ http://localhost:5173/:0
[ 1396777ms] [INFO] %cDownload the React DevTools for a better development experience: https://react.dev/link/react-devtools font-weight:bold @ http://localhost:5173/node_modules/.vite/deps/react-dom_client.js?v=665a8c76:20100
[ 1396784ms] [LOG] MIDI connected: 0 input(s) @ http://localhost:5173/src/hooks/useMidi.ts?t=1776017266762:34
[ 1396784ms] [LOG] MIDI connected: 0 input(s) @ http://localhost:5173/src/hooks/useMidi.ts?t=1776017266762:34
[ 1396788ms] [WARNING] Error while trying to use the following icon from the Manifest: http://localhost:5173/icon-192.png (Download error or resource isn't a valid image) @ http://localhost:5173/:0
[ 1411444ms] [INFO] %cDownload the React DevTools for a better development experience: https://react.dev/link/react-devtools font-weight:bold @ http://localhost:5173/node_modules/.vite/deps/react-dom_client.js?v=665a8c76:20100
[ 1411453ms] [LOG] MIDI connected: 0 input(s) @ http://localhost:5173/src/hooks/useMidi.ts?t=1776017266762:34
[ 1411453ms] [LOG] MIDI connected: 0 input(s) @ http://localhost:5173/src/hooks/useMidi.ts?t=1776017266762:34
[ 1411456ms] [WARNING] Error while trying to use the following icon from the Manifest: http://localhost:5173/icon-192.png (Download error or resource isn't a valid image) @ http://localhost:5173/:0
[ 1503158ms] [INFO] %cDownload the React DevTools for a better development experience: https://react.dev/link/react-devtools font-weight:bold @ http://localhost:5173/node_modules/.vite/deps/react-dom_client.js?v=665a8c76:20100
[ 1503174ms] [LOG] MIDI connected: 0 input(s) @ http://localhost:5173/src/hooks/useMidi.ts?t=1776017266762:34
[ 1503174ms] [LOG] MIDI connected: 0 input(s) @ http://localhost:5173/src/hooks/useMidi.ts?t=1776017266762:34
[ 1503176ms] [WARNING] Error while trying to use the following icon from the Manifest: http://localhost:5173/icon-192.png (Download error or resource isn't a valid image) @ http://localhost:5173/:0
[ 1506698ms] [INFO] %cDownload the React DevTools for a better development experience: https://react.dev/link/react-devtools font-weight:bold @ http://localhost:5173/node_modules/.vite/deps/react-dom_client.js?v=665a8c76:20100
[ 1506764ms] [LOG] MIDI connected: 0 input(s) @ http://localhost:5173/src/hooks/useMidi.ts?t=1776017266762:34
[ 1506765ms] [LOG] MIDI connected: 0 input(s) @ http://localhost:5173/src/hooks/useMidi.ts?t=1776017266762:34
[ 1506766ms] [WARNING] Error while trying to use the following icon from the Manifest: http://localhost:5173/icon-192.png (Download error or resource isn't a valid image) @ http://localhost:5173/:0
[ 1506946ms] [INFO] %cDownload the React DevTools for a better development experience: https://react.dev/link/react-devtools font-weight:bold @ http://localhost:5173/node_modules/.vite/deps/react-dom_client.js?v=665a8c76:20100
[ 1506956ms] [LOG] MIDI connected: 0 input(s) @ http://localhost:5173/src/hooks/useMidi.ts?t=1776017266762:34
[ 1506956ms] [LOG] MIDI connected: 0 input(s) @ http://localhost:5173/src/hooks/useMidi.ts?t=1776017266762:34
[ 1506958ms] [WARNING] Error while trying to use the following icon from the Manifest: http://localhost:5173/icon-192.png (Download error or resource isn't a valid image) @ http://localhost:5173/:0
