[     181ms] [INFO] %cDownload the React DevTools for a better development experience: https://react.dev/link/react-devtools font-weight:bold @ http://localhost:5173/node_modules/.vite/deps/react-dom_client.js?v=665a8c76:20100
[     207ms] [LOG] MIDI connected: 0 input(s) @ http://localhost:5173/src/hooks/useMidi.ts?t=1776007011320:34
[     207ms] [LOG] MIDI connected: 0 input(s) @ http://localhost:5173/src/hooks/useMidi.ts?t=1776007011320:34
[     210ms] [WARNING] Error while trying to use the following icon from the Manifest: http://localhost:5173/icon-192.png (Download error or resource isn't a valid image) @ http://localhost:5173/:0
[  192173ms] [INFO] %cDownload the React DevTools for a better development experience: https://react.dev/link/react-devtools font-weight:bold @ http://localhost:5173/node_modules/.vite/deps/react-dom_client.js?v=665a8c76:20100
[  192197ms] [LOG] MIDI connected: 0 input(s) @ http://localhost:5173/src/hooks/useMidi.ts?t=1776007011320:34
[  192206ms] [LOG] MIDI connected: 0 input(s) @ http://localhost:5173/src/hooks/useMidi.ts?t=1776007011320:34
[  192207ms] [WARNING] Error while trying to use the following icon from the Manifest: http://localhost:5173/icon-192.png (Download error or resource isn't a valid image) @ http://localhost:5173/:0
[  296233ms] [INFO] %cDownload the React DevTools for a better development experience: https://react.dev/link/react-devtools font-weight:bold @ http://localhost:5173/node_modules/.vite/deps/react-dom_client.js?v=665a8c76:20100
[  296247ms] [LOG] MIDI connected: 0 input(s) @ http://localhost:5173/src/hooks/useMidi.ts?t=1776008284195:34
[  296248ms] [LOG] MIDI connected: 0 input(s) @ http://localhost:5173/src/hooks/useMidi.ts?t=1776008284195:34
[  296251ms] [WARNING] Error while trying to use the following icon from the Manifest: http://localhost:5173/icon-192.png (Download error or resource isn't a valid image) @ http://localhost:5173/:0
[  296933ms] [INFO] %cDownload the React DevTools for a better development experience: https://react.dev/link/react-devtools font-weight:bold @ http://localhost:5173/node_modules/.vite/deps/react-dom_client.js?v=665a8c76:20100
[  296941ms] [LOG] MIDI connected: 0 input(s) @ http://localhost:5173/src/hooks/useMidi.ts?t=1776008284195:34
[  296941ms] [LOG] MIDI connected: 0 input(s) @ http://localhost:5173/src/hooks/useMidi.ts?t=1776008284195:34
[  296966ms] [WARNING] Error while trying to use the following icon from the Manifest: http://localhost:5173/icon-192.png (Download error or resource isn't a valid image) @ http://localhost:5173/:0
[  300041ms] [INFO] %cDownload the React DevTools for a better development experience: https://react.dev/link/react-devtools font-weight:bold @ http://localhost:5173/node_modules/.vite/deps/react-dom_client.js?v=665a8c76:20100
[  300058ms] [LOG] MIDI connected: 0 input(s) @ http://localhost:5173/src/hooks/useMidi.ts?t=1776008284195:34
[  300058ms] [LOG] MIDI connected: 0 input(s) @ http://localhost:5173/src/hooks/useMidi.ts?t=1776008284195:34
[  300061ms] [WARNING] Error while trying to use the following icon from the Manifest: http://localhost:5173/icon-192.png (Download error or resource isn't a valid image) @ http://localhost:5173/:0
[  364342ms] [WARNING] WASM worklet error: TypeError: WebAssembly.instantiate(): Import #0 "a": module is not an object or function @ http://localhost:5173/src/audio/AudioEngine.ts?t=1776008284195:388
