[     170ms] [INFO] %cDownload the React DevTools for a better development experience: https://react.dev/link/react-devtools font-weight:bold @ http://localhost:5173/node_modules/.vite/deps/react-dom_client.js?v=665a8c76:20100
[   16614ms] [ERROR] Failed to load resource: the server responded with a status of 404 (Not Found) @ http://localhost:5173/favicon.ico:0
[   38153ms] [INFO] %cDownload the React DevTools for a better development experience: https://react.dev/link/react-devtools font-weight:bold @ http://localhost:5173/node_modules/.vite/deps/react-dom_client.js?v=665a8c76:20100
[  191742ms] [ERROR] Failed to load resource: the server responded with a status of 404 (Not Found) @ http://localhost:5173/favicon.ico:0
[  322715ms] [LOG] MIDI connected: 0 input(s) @ http://localhost:5173/src/hooks/useMidi.ts:49
[  384266ms] [INFO] %cDownload the React DevTools for a better development experience: https://react.dev/link/react-devtools font-weight:bold @ http://localhost:5173/node_modules/.vite/deps/react-dom_client.js?v=665a8c76:20100
[  384292ms] [LOG] MIDI connected: 0 input(s) @ http://localhost:5173/src/hooks/useMidi.ts:49
[  384293ms] [LOG] MIDI connected: 0 input(s) @ http://localhost:5173/src/hooks/useMidi.ts:49
[  401526ms] [INFO] %cDownload the React DevTools for a better development experience: https://react.dev/link/react-devtools font-weight:bold @ http://localhost:5173/node_modules/.vite/deps/react-dom_client.js?v=665a8c76:20100
[  401545ms] [LOG] MIDI connected: 0 input(s) @ http://localhost:5173/src/hooks/useMidi.ts?t=1776003773528:34
[  401545ms] [LOG] MIDI connected: 0 input(s) @ http://localhost:5173/src/hooks/useMidi.ts?t=1776003773528:34
[  414286ms] [ERROR] Failed to load resource: the server responded with a status of 404 (Not Found) @ http://localhost:5173/favicon.ico:0
[  719110ms] [INFO] %cDownload the React DevTools for a better development experience: https://react.dev/link/react-devtools font-weight:bold @ http://localhost:5173/node_modules/.vite/deps/react-dom_client.js?v=665a8c76:20100
[  719157ms] [LOG] MIDI connected: 0 input(s) @ http://localhost:5173/src/hooks/useMidi.ts?t=1776003935091:34
[  719157ms] [LOG] MIDI connected: 0 input(s) @ http://localhost:5173/src/hooks/useMidi.ts?t=1776003935091:34
[  779511ms] [INFO] %cDownload the React DevTools for a better development experience: https://react.dev/link/react-devtools font-weight:bold @ http://localhost:5173/node_modules/.vite/deps/react-dom_client.js?v=665a8c76:20100
[  779529ms] [LOG] MIDI connected: 0 input(s) @ http://localhost:5173/src/hooks/useMidi.ts?t=1776004146449:34
[  779529ms] [LOG] MIDI connected: 0 input(s) @ http://localhost:5173/src/hooks/useMidi.ts?t=1776004146449:34
[  786823ms] [ERROR] Failed to load resource: the server responded with a status of 404 (Not Found) @ http://localhost:5173/favicon.ico:0
[  948229ms] [INFO] %cDownload the React DevTools for a better development experience: https://react.dev/link/react-devtools font-weight:bold @ http://localhost:5173/node_modules/.vite/deps/react-dom_client.js?v=665a8c76:20100
[  948252ms] [LOG] MIDI connected: 0 input(s) @ http://localhost:5173/src/hooks/useMidi.ts?t=1776004146449:34
[  948252ms] [LOG] MIDI connected: 0 input(s) @ http://localhost:5173/src/hooks/useMidi.ts?t=1776004146449:34
[  957871ms] [ERROR] Failed to load resource: the server responded with a status of 404 (Not Found) @ http://localhost:5173/favicon.ico:0
[ 1000706ms] [INFO] %cDownload the React DevTools for a better development experience: https://react.dev/link/react-devtools font-weight:bold @ http://localhost:5173/node_modules/.vite/deps/react-dom_client.js?v=665a8c76:20100
[ 1000711ms] [LOG] MIDI connected: 0 input(s) @ http://localhost:5173/src/hooks/useMidi.ts?t=1776004146449:34
[ 1000711ms] [LOG] MIDI connected: 0 input(s) @ http://localhost:5173/src/hooks/useMidi.ts?t=1776004146449:34
[ 1122128ms] [INFO] %cDownload the React DevTools for a better development experience: https://react.dev/link/react-devtools font-weight:bold @ http://localhost:5173/node_modules/.vite/deps/react-dom_client.js?v=665a8c76:20100
[ 1122149ms] [LOG] MIDI connected: 0 input(s) @ http://localhost:5173/src/hooks/useMidi.ts?t=1776004483579:34
[ 1122149ms] [LOG] MIDI connected: 0 input(s) @ http://localhost:5173/src/hooks/useMidi.ts?t=1776004483579:34
[ 1132557ms] [INFO] %cDownload the React DevTools for a better development experience: https://react.dev/link/react-devtools font-weight:bold @ http://localhost:5173/node_modules/.vite/deps/react-dom_client.js?v=665a8c76:20100
[ 1132574ms] [LOG] MIDI connected: 0 input(s) @ http://localhost:5173/src/hooks/useMidi.ts?t=1776004483579:34
[ 1132575ms] [LOG] MIDI connected: 0 input(s) @ http://localhost:5173/src/hooks/useMidi.ts?t=1776004483579:34
[ 1138413ms] [INFO] %cDownload the React DevTools for a better development experience: https://react.dev/link/react-devtools font-weight:bold @ http://localhost:5173/node_modules/.vite/deps/react-dom_client.js?v=665a8c76:20100
[ 1138431ms] [LOG] MIDI connected: 0 input(s) @ http://localhost:5173/src/hooks/useMidi.ts?t=1776004483579:34
[ 1138431ms] [LOG] MIDI connected: 0 input(s) @ http://localhost:5173/src/hooks/useMidi.ts?t=1776004483579:34
[ 1168682ms] [INFO] %cDownload the React DevTools for a better development experience: https://react.dev/link/react-devtools font-weight:bold @ http://localhost:5173/node_modules/.vite/deps/react-dom_client.js?v=665a8c76:20100
[ 1168703ms] [LOG] MIDI connected: 0 input(s) @ http://localhost:5173/src/hooks/useMidi.ts?t=1776004483579:34
[ 1168703ms] [LOG] MIDI connected: 0 input(s) @ http://localhost:5173/src/hooks/useMidi.ts?t=1776004483579:34
[ 1185124ms] [ERROR] Failed to load resource: the server responded with a status of 404 (Not Found) @ http://localhost:5173/favicon.ico:0
[ 1187095ms] [INFO] %cDownload the React DevTools for a better development experience: https://react.dev/link/react-devtools font-weight:bold @ http://localhost:5173/node_modules/.vite/deps/react-dom_client.js?v=665a8c76:20100
[ 1187101ms] [ERROR] Failed to load resource: the server responded with a status of 404 (Not Found) @ http://localhost:5173/favicon.ico:0
[ 1187113ms] [LOG] MIDI connected: 0 input(s) @ http://localhost:5173/src/hooks/useMidi.ts?t=1776004483579:34
[ 1187113ms] [LOG] MIDI connected: 0 input(s) @ http://localhost:5173/src/hooks/useMidi.ts?t=1776004483579:34
[ 1223794ms] [LOG] MIDI connected: 0 input(s) @ http://localhost:5173/src/hooks/useMidi.ts?t=1776004483579:34
[ 1241984ms] [INFO] %cDownload the React DevTools for a better development experience: https://react.dev/link/react-devtools font-weight:bold @ http://localhost:5173/node_modules/.vite/deps/react-dom_client.js?v=665a8c76:20100
[ 1242003ms] [LOG] MIDI connected: 0 input(s) @ http://localhost:5173/src/hooks/useMidi.ts?t=1776004483579:34
[ 1242003ms] [LOG] MIDI connected: 0 input(s) @ http://localhost:5173/src/hooks/useMidi.ts?t=1776004483579:34
[ 1268469ms] [ERROR] Failed to load resource: the server responded with a status of 404 (Not Found) @ http://localhost:5173/favicon.ico:0
[ 1333223ms] [INFO] %cDownload the React DevTools for a better development experience: https://react.dev/link/react-devtools font-weight:bold @ http://localhost:5173/node_modules/.vite/deps/react-dom_client.js?v=665a8c76:20100
[ 1333229ms] [LOG] MIDI connected: 0 input(s) @ http://localhost:5173/src/hooks/useMidi.ts?t=1776004483579:34
[ 1333229ms] [LOG] MIDI connected: 0 input(s) @ http://localhost:5173/src/hooks/useMidi.ts?t=1776004483579:34
[ 1519266ms] [INFO] %cDownload the React DevTools for a better development experience: https://react.dev/link/react-devtools font-weight:bold @ http://localhost:5173/node_modules/.vite/deps/react-dom_client.js?v=665a8c76:20100
[ 1519284ms] [LOG] MIDI connected: 0 input(s) @ http://localhost:5173/src/hooks/useMidi.ts?t=1776004882021:34
[ 1519284ms] [LOG] MIDI connected: 0 input(s) @ http://localhost:5173/src/hooks/useMidi.ts?t=1776004882021:34
[ 1690194ms] [INFO] %cDownload the React DevTools for a better development experience: https://react.dev/link/react-devtools font-weight:bold @ http://localhost:5173/node_modules/.vite/deps/react-dom_client.js?v=665a8c76:20100
[ 1690215ms] [LOG] MIDI connected: 0 input(s) @ http://localhost:5173/src/hooks/useMidi.ts?t=1776005024611:34
[ 1690215ms] [LOG] MIDI connected: 0 input(s) @ http://localhost:5173/src/hooks/useMidi.ts?t=1776005024611:34
[ 1698483ms] [INFO] %cDownload the React DevTools for a better development experience: https://react.dev/link/react-devtools font-weight:bold @ http://localhost:5173/node_modules/.vite/deps/react-dom_client.js?v=665a8c76:20100
[ 1698500ms] [LOG] MIDI connected: 0 input(s) @ http://localhost:5173/src/hooks/useMidi.ts?t=1776005024611:34
[ 1698500ms] [LOG] MIDI connected: 0 input(s) @ http://localhost:5173/src/hooks/useMidi.ts?t=1776005024611:34
[ 1730557ms] [LOG] MIDI connected: 0 input(s) @ http://localhost:5173/src/hooks/useMidi.ts?t=1776005024611:34
[ 1770705ms] [INFO] %cDownload the React DevTools for a better development experience: https://react.dev/link/react-devtools font-weight:bold @ http://localhost:5173/node_modules/.vite/deps/react-dom_client.js?v=665a8c76:20100
[ 1770711ms] [LOG] MIDI connected: 0 input(s) @ http://localhost:5173/src/hooks/useMidi.ts?t=1776005024611:34
[ 1770711ms] [LOG] MIDI connected: 0 input(s) @ http://localhost:5173/src/hooks/useMidi.ts?t=1776005024611:34
[ 1777510ms] [ERROR] Failed to load resource: the server responded with a status of 404 (Not Found) @ http://localhost:5173/favicon.ico:0
[ 1860735ms] [INFO] %cDownload the React DevTools for a better development experience: https://react.dev/link/react-devtools font-weight:bold @ http://localhost:5173/node_modules/.vite/deps/react-dom_client.js?v=665a8c76:20100
[ 1860756ms] [LOG] MIDI connected: 0 input(s) @ http://localhost:5173/src/hooks/useMidi.ts?t=1776005024611:34
[ 1860756ms] [LOG] MIDI connected: 0 input(s) @ http://localhost:5173/src/hooks/useMidi.ts?t=1776005024611:34
[ 1943527ms] [ERROR] Failed to load resource: the server responded with a status of 404 (Not Found) @ http://localhost:5173/favicon.ico:0
[ 2240502ms] [INFO] %cDownload the React DevTools for a better development experience: https://react.dev/link/react-devtools font-weight:bold @ http://localhost:5173/node_modules/.vite/deps/react-dom_client.js?v=665a8c76:20100
[ 2240560ms] [LOG] MIDI connected: 0 input(s) @ http://localhost:5173/src/hooks/useMidi.ts?t=1776005024611:34
[ 2240560ms] [LOG] MIDI connected: 0 input(s) @ http://localhost:5173/src/hooks/useMidi.ts?t=1776005024611:34
[ 2246201ms] [ERROR] Failed to load resource: the server responded with a status of 404 (Not Found) @ http://localhost:5173/favicon.ico:0
[ 2267847ms] [INFO] %cDownload the React DevTools for a better development experience: https://react.dev/link/react-devtools font-weight:bold @ http://localhost:5173/node_modules/.vite/deps/react-dom_client.js?v=665a8c76:20100
[ 2267864ms] [LOG] MIDI connected: 0 input(s) @ http://localhost:5173/src/hooks/useMidi.ts?t=1776005626900:34
[ 2267864ms] [LOG] MIDI connected: 0 input(s) @ http://localhost:5173/src/hooks/useMidi.ts?t=1776005626900:34
[ 2699743ms] [ERROR] Failed to load resource: the server responded with a status of 404 (Not Found) @ http://localhost:5173/favicon.ico:0
[ 2764829ms] [INFO] %cDownload the React DevTools for a better development experience: https://react.dev/link/react-devtools font-weight:bold @ http://localhost:5173/node_modules/.vite/deps/react-dom_client.js?v=665a8c76:20100
[ 2764878ms] [LOG] MIDI connected: 0 input(s) @ http://localhost:5173/src/hooks/useMidi.ts?t=1776005679579:34
[ 2764878ms] [LOG] MIDI connected: 0 input(s) @ http://localhost:5173/src/hooks/useMidi.ts?t=1776005679579:34
[ 2928706ms] [LOG] MIDI connected: 0 input(s) @ http://localhost:5173/src/hooks/useMidi.ts?t=1776005679579:34
[ 3055457ms] [INFO] %cDownload the React DevTools for a better development experience: https://react.dev/link/react-devtools font-weight:bold @ http://localhost:5173/node_modules/.vite/deps/react-dom_client.js?v=665a8c76:20100
[ 3055474ms] [LOG] MIDI connected: 0 input(s) @ http://localhost:5173/src/hooks/useMidi.ts?t=1776005679579:34
[ 3055475ms] [LOG] MIDI connected: 0 input(s) @ http://localhost:5173/src/hooks/useMidi.ts?t=1776005679579:34
