[      63ms] [INFO] %cDownload the React DevTools for a better development experience: https://react.dev/link/react-devtools font-weight:bold @ http://localhost:5173/node_modules/.vite/deps/react-dom_client.js?v=665a8c76:20100
[      94ms] [LOG] MIDI connected: 0 input(s) @ http://localhost:5173/src/hooks/useMidi.ts?t=1776008474081:34
[      94ms] [LOG] MIDI connected: 0 input(s) @ http://localhost:5173/src/hooks/useMidi.ts?t=1776008474081:34
[      99ms] [WARNING] Error while trying to use the following icon from the Manifest: http://localhost:5173/icon-192.png (Download error or resource isn't a valid image) @ http://localhost:5173/:0
[    3161ms] [WARNING] WASM worklet error: TypeError: WebAssembly.instantiate(): Import #0 "a": module is not an object or function @ http://localhost:5173/src/audio/AudioEngine.ts?t=1776008284195:388
[  492371ms] ReferenceError: FillButton is not defined
    at Transport (http://localhost:5173/src/components/Transport.tsx?t=1776008973798:71:28)
    at Object.react_stack_bottom_frame (http://localhost:5173/node_modules/.vite/deps/react-dom_client.js?v=665a8c76:18507:20)
    at renderWithHooks (http://localhost:5173/node_modules/.vite/deps/react-dom_client.js?v=665a8c76:5652:24)
    at updateFunctionComponent (http://localhost:5173/node_modules/.vite/deps/react-dom_client.js?v=665a8c76:7473:21)
    at beginWork (http://localhost:5173/node_modules/.vite/deps/react-dom_client.js?v=665a8c76:8523:20)
    at runWithFiberInDEV (http://localhost:5173/node_modules/.vite/deps/react-dom_client.js?v=665a8c76:995:72)
    at performUnitOfWork (http://localhost:5173/node_modules/.vite/deps/react-dom_client.js?v=665a8c76:12559:98)
    at workLoopSync (http://localhost:5173/node_modules/.vite/deps/react-dom_client.js?v=665a8c76:12422:43)
    at renderRootSync (http://localhost:5173/node_modules/.vite/deps/react-dom_client.js?v=665a8c76:12406:13)
    at performWorkOnRoot (http://localhost:5173/node_modules/.vite/deps/react-dom_client.js?v=665a8c76:11825:37)
[  492367ms] [WARNING] %s

%s
 An error occurred in the <Transport> component. Consider adding an error boundary to your tree to customize error handling behavior.
Visit https://react.dev/link/error-boundaries to learn more about error boundaries. @ http://localhost:5173/node_modules/.vite/deps/react-dom_client.js?v=665a8c76:6963
[  517180ms] [LOG] MIDI connected: 0 input(s) @ http://localhost:5173/src/hooks/useMidi.ts?t=1776008733740:34
[  517180ms] [LOG] MIDI connected: 0 input(s) @ http://localhost:5173/src/hooks/useMidi.ts?t=1776008733740:34
[  555150ms] [INFO] %cDownload the React DevTools for a better development experience: https://react.dev/link/react-devtools font-weight:bold @ http://localhost:5173/node_modules/.vite/deps/react-dom_client.js?v=665a8c76:20100
[  555194ms] [LOG] MIDI connected: 0 input(s) @ http://localhost:5173/src/hooks/useMidi.ts?t=1776008733740:34
[  555194ms] [LOG] MIDI connected: 0 input(s) @ http://localhost:5173/src/hooks/useMidi.ts?t=1776008733740:34
[  555207ms] [WARNING] Error while trying to use the following icon from the Manifest: http://localhost:5173/icon-192.png (Download error or resource isn't a valid image) @ http://localhost:5173/:0
[  556039ms] [WARNING] WASM worklet error: TypeError: WebAssembly.instantiate(): Import #0 "a": module is not an object or function @ http://localhost:5173/src/audio/AudioEngine.ts?t=1776008284195:388
[  602754ms] [INFO] %cDownload the React DevTools for a better development experience: https://react.dev/link/react-devtools font-weight:bold @ http://localhost:5173/node_modules/.vite/deps/react-dom_client.js?v=665a8c76:20100
[  602763ms] [LOG] MIDI connected: 0 input(s) @ http://localhost:5173/src/hooks/useMidi.ts?t=1776008733740:34
[  602763ms] [LOG] MIDI connected: 0 input(s) @ http://localhost:5173/src/hooks/useMidi.ts?t=1776008733740:34
[  602775ms] [WARNING] Error while trying to use the following icon from the Manifest: http://localhost:5173/icon-192.png (Download error or resource isn't a valid image) @ http://localhost:5173/:0
[  604163ms] [WARNING] WASM worklet error: TypeError: WebAssembly.instantiate(): Import #0 "a": module is not an object or function @ http://localhost:5173/src/audio/AudioEngine.ts?t=1776008284195:388
[  626741ms] [INFO] %cDownload the React DevTools for a better development experience: https://react.dev/link/react-devtools font-weight:bold @ http://localhost:5173/node_modules/.vite/deps/react-dom_client.js?v=665a8c76:20100
[  626764ms] [LOG] MIDI connected: 0 input(s) @ http://localhost:5173/src/hooks/useMidi.ts?t=1776008733740:34
[  626767ms] [WARNING] Error while trying to use the following icon from the Manifest: http://localhost:5173/icon-192.png (Download error or resource isn't a valid image) @ http://localhost:5173/:0
[  626768ms] [LOG] MIDI connected: 0 input(s) @ http://localhost:5173/src/hooks/useMidi.ts?t=1776008733740:34
[  627930ms] [WARNING] WASM worklet error: TypeError: WebAssembly.instantiate(): Import #0 "a": module is not an object or function @ http://localhost:5173/src/audio/AudioEngine.ts?t=1776008284195:388
[  733623ms] [INFO] %cDownload the React DevTools for a better development experience: https://react.dev/link/react-devtools font-weight:bold @ http://localhost:5173/node_modules/.vite/deps/react-dom_client.js?v=665a8c76:20100
[  733651ms] [WARNING] Error while trying to use the following icon from the Manifest: http://localhost:5173/icon-192.png (Download error or resource isn't a valid image) @ http://localhost:5173/:0
[  733652ms] [LOG] MIDI connected: 0 input(s) @ http://localhost:5173/src/hooks/useMidi.ts?t=1776009160356:34
[  733652ms] [LOG] MIDI connected: 0 input(s) @ http://localhost:5173/src/hooks/useMidi.ts?t=1776009160356:34
[  733752ms] [INFO] %cDownload the React DevTools for a better development experience: https://react.dev/link/react-devtools font-weight:bold @ http://localhost:5173/node_modules/.vite/deps/react-dom_client.js?v=665a8c76:20100
[  733775ms] [LOG] MIDI connected: 0 input(s) @ http://localhost:5173/src/hooks/useMidi.ts?t=1776009160356:34
[  733775ms] [LOG] MIDI connected: 0 input(s) @ http://localhost:5173/src/hooks/useMidi.ts?t=1776009160356:34
[  733777ms] [WARNING] Error while trying to use the following icon from the Manifest: http://localhost:5173/icon-192.png (Download error or resource isn't a valid image) @ http://localhost:5173/:0
[  734909ms] [WARNING] WASM worklet error: TypeError: WebAssembly.instantiate(): Import #0 "a": module is not an object or function @ http://localhost:5173/src/audio/AudioEngine.ts?t=1776009160356:440
[  791504ms] [INFO] %cDownload the React DevTools for a better development experience: https://react.dev/link/react-devtools font-weight:bold @ http://localhost:5173/node_modules/.vite/deps/react-dom_client.js?v=665a8c76:20100
[  791527ms] [LOG] MIDI connected: 0 input(s) @ http://localhost:5173/src/hooks/useMidi.ts?t=1776009160356:34
[  791527ms] [LOG] MIDI connected: 0 input(s) @ http://localhost:5173/src/hooks/useMidi.ts?t=1776009160356:34
[  791527ms] [WARNING] Error while trying to use the following icon from the Manifest: http://localhost:5173/icon-192.png (Download error or resource isn't a valid image) @ http://localhost:5173/:0
[  793052ms] [WARNING] WASM worklet error: TypeError: WebAssembly.instantiate(): Import #0 "a": module is not an object or function @ http://localhost:5173/src/audio/AudioEngine.ts?t=1776009160356:440
[  965244ms] [INFO] %cDownload the React DevTools for a better development experience: https://react.dev/link/react-devtools font-weight:bold @ http://localhost:5173/node_modules/.vite/deps/react-dom_client.js?v=665a8c76:20100
[  965254ms] [LOG] MIDI connected: 0 input(s) @ http://localhost:5173/src/hooks/useMidi.ts?t=1776009160356:34
[  965254ms] [LOG] MIDI connected: 0 input(s) @ http://localhost:5173/src/hooks/useMidi.ts?t=1776009160356:34
[  965274ms] [WARNING] Error while trying to use the following icon from the Manifest: http://localhost:5173/icon-192.png (Download error or resource isn't a valid image) @ http://localhost:5173/:0
[ 1313091ms] [LOG] MIDI connected: 0 input(s) @ http://localhost:5173/src/hooks/useMidi.ts?t=1776009160356:34
[ 2181228ms] [INFO] %cDownload the React DevTools for a better development experience: https://react.dev/link/react-devtools font-weight:bold @ http://localhost:5173/node_modules/.vite/deps/react-dom_client.js?v=665a8c76:20100
[ 2181251ms] [LOG] MIDI connected: 0 input(s) @ http://localhost:5173/src/hooks/useMidi.ts?t=1776009160356:34
[ 2181251ms] [LOG] MIDI connected: 0 input(s) @ http://localhost:5173/src/hooks/useMidi.ts?t=1776009160356:34
[ 2181258ms] [WARNING] Error while trying to use the following icon from the Manifest: http://localhost:5173/icon-192.png (Download error or resource isn't a valid image) @ http://localhost:5173/:0
[ 2182062ms] [WARNING] WASM worklet error: TypeError: WebAssembly.instantiate(): Import #0 "a": module is not an object or function @ http://localhost:5173/src/audio/AudioEngine.ts?t=1776009160356:440
[ 2642334ms] [INFO] %cDownload the React DevTools for a better development experience: https://react.dev/link/react-devtools font-weight:bold @ http://localhost:5173/node_modules/.vite/deps/react-dom_client.js?v=665a8c76:20100
[ 2642386ms] [LOG] MIDI connected: 0 input(s) @ http://localhost:5173/src/hooks/useMidi.ts?t=1776010725898:34
[ 2642386ms] [LOG] MIDI connected: 0 input(s) @ http://localhost:5173/src/hooks/useMidi.ts?t=1776010725898:34
[ 2642390ms] [WARNING] Error while trying to use the following icon from the Manifest: http://localhost:5173/icon-192.png (Download error or resource isn't a valid image) @ http://localhost:5173/:0
[ 2644245ms] [WARNING] WASM worklet error: TypeError: WebAssembly.instantiate(): Import #0 "a": module is not an object or function @ http://localhost:5173/src/audio/AudioEngine.ts?t=1776010725898:490
[ 2860004ms] [INFO] %cDownload the React DevTools for a better development experience: https://react.dev/link/react-devtools font-weight:bold @ http://localhost:5173/node_modules/.vite/deps/react-dom_client.js?v=665a8c76:20100
[ 2860055ms] [LOG] MIDI connected: 0 input(s) @ http://localhost:5173/src/hooks/useMidi.ts?t=1776010725898:34
[ 2860055ms] [LOG] MIDI connected: 0 input(s) @ http://localhost:5173/src/hooks/useMidi.ts?t=1776010725898:34
[ 2860059ms] [WARNING] Error while trying to use the following icon from the Manifest: http://localhost:5173/icon-192.png (Download error or resource isn't a valid image) @ http://localhost:5173/:0
[ 2861609ms] [WARNING] WASM worklet error: TypeError: WebAssembly.instantiate(): Import #0 "a": module is not an object or function @ http://localhost:5173/src/audio/AudioEngine.ts?t=1776010725898:490
[ 3232951ms] [ERROR] React has detected a change in the order of Hooks called by %s. This will lead to bugs and errors if not fixed. For more information, read the Rules of Hooks: https://react.dev/link/rules-of-hooks

   Previous render            Next render
   ------------------------------------------------------
%s   ^^^^^^^^^^^^^^^^^^^^^^^^^^^^^^^^^^^^^^^^^^^^^^^^^^^^^^
 MixerPanel 1. useState                   useState
2. useState                   useState
3. useState                   useState
4. useState                   useState
5. useState                   useState
6. useState                   useState
7. useState                   useState
8. useState                   useState
9. useState                   useState
10. useState                  useState
11. useState                  useState
12. useRef                    useRef
13. useEffect                 useEffect
14. useCallback               useCallback
15. useCallback               useCallback
16. useCallback               useCallback
17. useCallback               useCallback
18. useCallback               useCallback
19. useCallback               useCallback
20. undefined                 useRef
 @ http://localhost:5173/node_modules/.vite/deps/react-dom_client.js?v=665a8c76:5591
[ 3232966ms] Error: Rendered more hooks than during the previous render.
    at updateWorkInProgressHook (http://localhost:5173/node_modules/.vite/deps/react-dom_client.js?v=665a8c76:5790:19)
    at Object.useRef (http://localhost:5173/node_modules/.vite/deps/react-dom_client.js?v=665a8c76:18986:18)
    at exports.useRef (http://localhost:5173/node_modules/.vite/deps/chunk-ODY6T4AV.js?v=665a8c76:978:36)
    at MixerPanel (http://localhost:5173/src/components/MixerPanel.tsx?t=1776011314064:148:24)
    at Object.react_stack_bottom_frame (http://localhost:5173/node_modules/.vite/deps/react-dom_client.js?v=665a8c76:18507:20)
    at renderWithHooks (http://localhost:5173/node_modules/.vite/deps/react-dom_client.js?v=665a8c76:5652:24)
    at updateFunctionComponent (http://localhost:5173/node_modules/.vite/deps/react-dom_client.js?v=665a8c76:7473:21)
    at beginWork (http://localhost:5173/node_modules/.vite/deps/react-dom_client.js?v=665a8c76:8523:20)
    at runWithFiberInDEV (http://localhost:5173/node_modules/.vite/deps/react-dom_client.js?v=665a8c76:995:72)
    at performUnitOfWork (http://localhost:5173/node_modules/.vite/deps/react-dom_client.js?v=665a8c76:12559:98)
[ 3232964ms] [WARNING] %s

%s
 An error occurred in the <MixerPanel> component. Consider adding an error boundary to your tree to customize error handling behavior.
Visit https://react.dev/link/error-boundaries to learn more about error boundaries. @ http://localhost:5173/node_modules/.vite/deps/react-dom_client.js?v=665a8c76:6963
[ 3246017ms] [INFO] %cDownload the React DevTools for a better development experience: https://react.dev/link/react-devtools font-weight:bold @ http://localhost:5173/node_modules/.vite/deps/react-dom_client.js?v=665a8c76:20100
[ 3246050ms] [LOG] MIDI connected: 0 input(s) @ http://localhost:5173/src/hooks/useMidi.ts?t=1776010725898:34
[ 3246050ms] [LOG] MIDI connected: 0 input(s) @ http://localhost:5173/src/hooks/useMidi.ts?t=1776010725898:34
[ 3246053ms] [WARNING] Error while trying to use the following icon from the Manifest: http://localhost:5173/icon-192.png (Download error or resource isn't a valid image) @ http://localhost:5173/:0
[ 3247521ms] [WARNING] WASM worklet error: TypeError: WebAssembly.instantiate(): Import #0 "a": module is not an object or function @ http://localhost:5173/src/audio/AudioEngine.ts?t=1776010725898:490
[ 3248838ms] [ERROR] React has detected a change in the order of Hooks called by %s. This will lead to bugs and errors if not fixed. For more information, read the Rules of Hooks: https://react.dev/link/rules-of-hooks

   Previous render            Next render
   ------------------------------------------------------
%s   ^^^^^^^^^^^^^^^^^^^^^^^^^^^^^^^^^^^^^^^^^^^^^^^^^^^^^^
 MixerPanel 1. useState                   useState
2. useState                   useState
3. useState                   useState
4. useState                   useState
5. useState                   useState
6. useState                   useState
7. useState                   useState
8. useState                   useState
9. useState                   useState
10. useState                  useState
11. useState                  useState
12. useRef                    useRef
13. useEffect                 useEffect
14. useCallback               useCallback
15. useCallback               useCallback
16. useCallback               useCallback
17. useCallback               useCallback
18. useCallback               useCallback
19. useCallback               useCallback
20. undefined                 useRef
 @ http://localhost:5173/node_modules/.vite/deps/react-dom_client.js?v=665a8c76:5591
[ 3248859ms] Error: Rendered more hooks than during the previous render.
    at updateWorkInProgressHook (http://localhost:5173/node_modules/.vite/deps/react-dom_client.js?v=665a8c76:5790:19)
    at Object.useRef (http://localhost:5173/node_modules/.vite/deps/react-dom_client.js?v=665a8c76:18986:18)
    at exports.useRef (http://localhost:5173/node_modules/.vite/deps/chunk-ODY6T4AV.js?v=665a8c76:978:36)
    at MixerPanel (http://localhost:5173/src/components/MixerPanel.tsx?t=1776011314064:148:24)
    at Object.react_stack_bottom_frame (http://localhost:5173/node_modules/.vite/deps/react-dom_client.js?v=665a8c76:18507:20)
    at renderWithHooks (http://localhost:5173/node_modules/.vite/deps/react-dom_client.js?v=665a8c76:5652:24)
    at updateFunctionComponent (http://localhost:5173/node_modules/.vite/deps/react-dom_client.js?v=665a8c76:7473:21)
    at beginWork (http://localhost:5173/node_modules/.vite/deps/react-dom_client.js?v=665a8c76:8523:20)
    at runWithFiberInDEV (http://localhost:5173/node_modules/.vite/deps/react-dom_client.js?v=665a8c76:995:72)
    at performUnitOfWork (http://localhost:5173/node_modules/.vite/deps/react-dom_client.js?v=665a8c76:12559:98)
[ 3248859ms] [WARNING] %s

%s
 An error occurred in the <MixerPanel> component. Consider adding an error boundary to your tree to customize error handling behavior.
Visit https://react.dev/link/error-boundaries to learn more about error boundaries. @ http://localhost:5173/node_modules/.vite/deps/react-dom_client.js?v=665a8c76:6963
[ 3529283ms] [INFO] %cDownload the React DevTools for a better development experience: https://react.dev/link/react-devtools font-weight:bold @ http://localhost:5173/node_modules/.vite/deps/react-dom_client.js?v=665a8c76:20100
[ 3529341ms] [LOG] MIDI connected: 0 input(s) @ http://localhost:5173/src/hooks/useMidi.ts?t=1776010725898:34
[ 3529341ms] [LOG] MIDI connected: 0 input(s) @ http://localhost:5173/src/hooks/useMidi.ts?t=1776010725898:34
[ 3529343ms] [WARNING] Error while trying to use the following icon from the Manifest: http://localhost:5173/icon-192.png (Download error or resource isn't a valid image) @ http://localhost:5173/:0
[ 3530562ms] [WARNING] WASM worklet error: TypeError: WebAssembly.instantiate(): Import #0 "a": module is not an object or function @ http://localhost:5173/src/audio/AudioEngine.ts?t=1776010725898:490
[ 3531857ms] [ERROR] React has detected a change in the order of Hooks called by %s. This will lead to bugs and errors if not fixed. For more information, read the Rules of Hooks: https://react.dev/link/rules-of-hooks

   Previous render            Next render
   ------------------------------------------------------
%s   ^^^^^^^^^^^^^^^^^^^^^^^^^^^^^^^^^^^^^^^^^^^^^^^^^^^^^^
 MixerPanel 1. useState                   useState
2. useState                   useState
3. useState                   useState
4. useState                   useState
5. useState                   useState
6. useState                   useState
7. useState                   useState
8. useState                   useState
9. useState                   useState
10. useState                  useState
11. useState                  useState
12. useRef                    useRef
13. useEffect                 useEffect
14. useCallback               useCallback
15. useCallback               useCallback
16. useCallback               useCallback
17. useCallback               useCallback
18. useCallback               useCallback
19. useCallback               useCallback
20. undefined                 useRef
 @ http://localhost:5173/node_modules/.vite/deps/react-dom_client.js?v=665a8c76:5591
[ 3531882ms] Error: Rendered more hooks than during the previous render.
    at updateWorkInProgressHook (http://localhost:5173/node_modules/.vite/deps/react-dom_client.js?v=665a8c76:5790:19)
    at Object.useRef (http://localhost:5173/node_modules/.vite/deps/react-dom_client.js?v=665a8c76:18986:18)
    at exports.useRef (http://localhost:5173/node_modules/.vite/deps/chunk-ODY6T4AV.js?v=665a8c76:978:36)
    at MixerPanel (http://localhost:5173/src/components/MixerPanel.tsx?t=1776011314064:148:24)
    at Object.react_stack_bottom_frame (http://localhost:5173/node_modules/.vite/deps/react-dom_client.js?v=665a8c76:18507:20)
    at renderWithHooks (http://localhost:5173/node_modules/.vite/deps/react-dom_client.js?v=665a8c76:5652:24)
    at updateFunctionComponent (http://localhost:5173/node_modules/.vite/deps/react-dom_client.js?v=665a8c76:7473:21)
    at beginWork (http://localhost:5173/node_modules/.vite/deps/react-dom_client.js?v=665a8c76:8523:20)
    at runWithFiberInDEV (http://localhost:5173/node_modules/.vite/deps/react-dom_client.js?v=665a8c76:995:72)
    at performUnitOfWork (http://localhost:5173/node_modules/.vite/deps/react-dom_client.js?v=665a8c76:12559:98)
[ 3531881ms] [WARNING] %s

%s
 An error occurred in the <MixerPanel> component. Consider adding an error boundary to your tree to customize error handling behavior.
Visit https://react.dev/link/error-boundaries to learn more about error boundaries. @ http://localhost:5173/node_modules/.vite/deps/react-dom_client.js?v=665a8c76:6963
[ 3590463ms] [LOG] MIDI connected: 0 input(s) @ http://localhost:5173/src/hooks/useMidi.ts?t=1776010725898:34
[ 3590463ms] [LOG] MIDI connected: 0 input(s) @ http://localhost:5173/src/hooks/useMidi.ts?t=1776010725898:34
[ 4070157ms] [LOG] MIDI connected: 0 input(s) @ http://localhost:5173/src/hooks/useMidi.ts?t=1776012159690:34
[ 4226859ms] [LOG] WASM worklet init failed (using TS fallback): TypeError: WebAssembly.instantiate(): Import #0 "a": module is not an object or function @ http://localhost:5173/src/audio/AudioEngine.ts?t=1776012159690:490
[ 4469584ms] [ERROR] Failed to load resource: the server responded with a status of 500 (Internal Server Error) @ http://localhost:5173/src/components/Knob.tsx?t=1776012951044:0
[ 4469585ms] [ERROR] [vite] Failed to reload /src/components/Knob.tsx. This could be due to syntax errors or importing non-existent modules. (see errors above) @ http://localhost:5173/@vite/client:881
[ 4518216ms] TypeError: Component is not a function
    at Object.react_stack_bottom_frame (http://localhost:5173/node_modules/.vite/deps/react-dom_client.js?v=665a8c76:18507:20)
    at renderWithHooks (http://localhost:5173/node_modules/.vite/deps/react-dom_client.js?v=665a8c76:5652:24)
    at updateFunctionComponent (http://localhost:5173/node_modules/.vite/deps/react-dom_client.js?v=665a8c76:7473:21)
    at beginWork (http://localhost:5173/node_modules/.vite/deps/react-dom_client.js?v=665a8c76:8523:20)
    at runWithFiberInDEV (http://localhost:5173/node_modules/.vite/deps/react-dom_client.js?v=665a8c76:995:72)
    at performUnitOfWork (http://localhost:5173/node_modules/.vite/deps/react-dom_client.js?v=665a8c76:12559:98)
    at workLoopSync (http://localhost:5173/node_modules/.vite/deps/react-dom_client.js?v=665a8c76:12422:43)
    at renderRootSync (http://localhost:5173/node_modules/.vite/deps/react-dom_client.js?v=665a8c76:12406:13)
    at performWorkOnRoot (http://localhost:5173/node_modules/.vite/deps/react-dom_client.js?v=665a8c76:11825:37)
    at performSyncWorkOnRoot (http://localhost:5173/node_modules/.vite/deps/react-dom_client.js?v=665a8c76:13515:9)
[ 4518214ms] [WARNING] %s

%s
 An error occurred in one of your React components. Consider adding an error boundary to your tree to customize error handling behavior.
Visit https://react.dev/link/error-boundaries to learn more about error boundaries. @ http://localhost:5173/node_modules/.vite/deps/react-dom_client.js?v=665a8c76:6963
[ 4610800ms] [LOG] MIDI connected: 0 input(s) @ http://localhost:5173/src/hooks/useMidi.ts?t=1776012159690:34
[ 4610800ms] [LOG] MIDI connected: 0 input(s) @ http://localhost:5173/src/hooks/useMidi.ts?t=1776012159690:34
[ 4856663ms] [INFO] %cDownload the React DevTools for a better development experience: https://react.dev/link/react-devtools font-weight:bold @ http://localhost:5173/node_modules/.vite/deps/react-dom_client.js?v=665a8c76:20100
[ 4856681ms] [LOG] MIDI connected: 0 input(s) @ http://localhost:5173/src/hooks/useMidi.ts?t=1776013325361:34
[ 4856681ms] [LOG] MIDI connected: 0 input(s) @ http://localhost:5173/src/hooks/useMidi.ts?t=1776013325361:34
[ 4856747ms] [WARNING] Error while trying to use the following icon from the Manifest: http://localhost:5173/icon-192.png (Download error or resource isn't a valid image) @ http://localhost:5173/:0
[ 4991850ms] [LOG] MIDI connected: 0 input(s) @ http://localhost:5173/src/hooks/useMidi.ts?t=1776013325361:34
[ 5221639ms] [INFO] %cDownload the React DevTools for a better development experience: https://react.dev/link/react-devtools font-weight:bold @ http://localhost:5173/node_modules/.vite/deps/react-dom_client.js?v=665a8c76:20100
[ 5221717ms] [LOG] MIDI connected: 0 input(s) @ http://localhost:5173/src/hooks/useMidi.ts?t=1776013325361:34
[ 5221717ms] [LOG] MIDI connected: 0 input(s) @ http://localhost:5173/src/hooks/useMidi.ts?t=1776013325361:34
[ 5221722ms] [WARNING] Error while trying to use the following icon from the Manifest: http://localhost:5173/icon-192.png (Download error or resource isn't a valid image) @ http://localhost:5173/:0
[ 5536705ms] [LOG] WASM worklet init failed (using TS fallback): TypeError: WebAssembly.instantiate(): Import #0 "a": module is not an object or function @ http://localhost:5173/src/audio/AudioEngine.ts?t=1776013325361:494
[ 6406822ms] [INFO] %cDownload the React DevTools for a better development experience: https://react.dev/link/react-devtools font-weight:bold @ http://localhost:5173/node_modules/.vite/deps/react-dom_client.js?v=665a8c76:20100
[ 6406874ms] [LOG] MIDI connected: 0 input(s) @ http://localhost:5173/src/hooks/useMidi.ts?t=1776013325361:34
[ 6406874ms] [LOG] MIDI connected: 0 input(s) @ http://localhost:5173/src/hooks/useMidi.ts?t=1776013325361:34
[ 6406877ms] [WARNING] Error while trying to use the following icon from the Manifest: http://localhost:5173/icon-192.png (Download error or resource isn't a valid image) @ http://localhost:5173/:0
[ 6426501ms] [INFO] %cDownload the React DevTools for a better development experience: https://react.dev/link/react-devtools font-weight:bold @ http://localhost:5173/node_modules/.vite/deps/react-dom_client.js?v=665a8c76:20100
[ 6426521ms] [LOG] MIDI connected: 0 input(s) @ http://localhost:5173/src/hooks/useMidi.ts?t=1776013325361:34
[ 6426521ms] [LOG] MIDI connected: 0 input(s) @ http://localhost:5173/src/hooks/useMidi.ts?t=1776013325361:34
[ 6426526ms] [WARNING] Error while trying to use the following icon from the Manifest: http://localhost:5173/icon-192.png (Download error or resource isn't a valid image) @ http://localhost:5173/:0
[ 6426846ms] [INFO] %cDownload the React DevTools for a better development experience: https://react.dev/link/react-devtools font-weight:bold @ http://localhost:5173/node_modules/.vite/deps/react-dom_client.js?v=665a8c76:20100
[ 6426867ms] [LOG] MIDI connected: 0 input(s) @ http://localhost:5173/src/hooks/useMidi.ts?t=1776013325361:34
[ 6426867ms] [LOG] MIDI connected: 0 input(s) @ http://localhost:5173/src/hooks/useMidi.ts?t=1776013325361:34
[ 6426871ms] [WARNING] Error while trying to use the following icon from the Manifest: http://localhost:5173/icon-192.png (Download error or resource isn't a valid image) @ http://localhost:5173/:0
[ 6739928ms] [INFO] %cDownload the React DevTools for a better development experience: https://react.dev/link/react-devtools font-weight:bold @ http://localhost:5173/node_modules/.vite/deps/react-dom_client.js?v=665a8c76:20100
[ 6740006ms] [LOG] MIDI connected: 0 input(s) @ http://localhost:5173/src/hooks/useMidi.ts?t=1776013325361:34
[ 6740006ms] [LOG] MIDI connected: 0 input(s) @ http://localhost:5173/src/hooks/useMidi.ts?t=1776013325361:34
[ 6740009ms] [WARNING] Error while trying to use the following icon from the Manifest: http://localhost:5173/icon-192.png (Download error or resource isn't a valid image) @ http://localhost:5173/:0
[ 6753756ms] [INFO] %cDownload the React DevTools for a better development experience: https://react.dev/link/react-devtools font-weight:bold @ http://localhost:5173/node_modules/.vite/deps/react-dom_client.js?v=665a8c76:20100
[ 6753773ms] [LOG] MIDI connected: 0 input(s) @ http://localhost:5173/src/hooks/useMidi.ts?t=1776013325361:34
[ 6753773ms] [LOG] MIDI connected: 0 input(s) @ http://localhost:5173/src/hooks/useMidi.ts?t=1776013325361:34
[ 6753799ms] [WARNING] Error while trying to use the following icon from the Manifest: http://localhost:5173/icon-192.png (Download error or resource isn't a valid image) @ http://localhost:5173/:0
[ 6778168ms] [INFO] %cDownload the React DevTools for a better development experience: https://react.dev/link/react-devtools font-weight:bold @ http://localhost:5173/node_modules/.vite/deps/react-dom_client.js?v=665a8c76:20100
[ 6778235ms] [LOG] MIDI connected: 0 input(s) @ http://localhost:5173/src/hooks/useMidi.ts?t=1776013325361:34
[ 6778236ms] [LOG] MIDI connected: 0 input(s) @ http://localhost:5173/src/hooks/useMidi.ts?t=1776013325361:34
[ 6778241ms] [WARNING] Error while trying to use the following icon from the Manifest: http://localhost:5173/icon-192.png (Download error or resource isn't a valid image) @ http://localhost:5173/:0
[ 6778594ms] [INFO] %cDownload the React DevTools for a better development experience: https://react.dev/link/react-devtools font-weight:bold @ http://localhost:5173/node_modules/.vite/deps/react-dom_client.js?v=665a8c76:20100
[ 6778615ms] [LOG] MIDI connected: 0 input(s) @ http://localhost:5173/src/hooks/useMidi.ts?t=1776013325361:34
[ 6778615ms] [LOG] MIDI connected: 0 input(s) @ http://localhost:5173/src/hooks/useMidi.ts?t=1776013325361:34
[ 6778615ms] [WARNING] Error while trying to use the following icon from the Manifest: http://localhost:5173/icon-192.png (Download error or resource isn't a valid image) @ http://localhost:5173/:0
[ 6779116ms] [INFO] %cDownload the React DevTools for a better development experience: https://react.dev/link/react-devtools font-weight:bold @ http://localhost:5173/node_modules/.vite/deps/react-dom_client.js?v=665a8c76:20100
[ 6779145ms] [LOG] MIDI connected: 0 input(s) @ http://localhost:5173/src/hooks/useMidi.ts?t=1776013325361:34
[ 6779145ms] [LOG] MIDI connected: 0 input(s) @ http://localhost:5173/src/hooks/useMidi.ts?t=1776013325361:34
[ 6779152ms] [WARNING] Error while trying to use the following icon from the Manifest: http://localhost:5173/icon-192.png (Download error or resource isn't a valid image) @ http://localhost:5173/:0
[ 6779381ms] [INFO] %cDownload the React DevTools for a better development experience: https://react.dev/link/react-devtools font-weight:bold @ http://localhost:5173/node_modules/.vite/deps/react-dom_client.js?v=665a8c76:20100
[ 6779399ms] [LOG] MIDI connected: 0 input(s) @ http://localhost:5173/src/hooks/useMidi.ts?t=1776013325361:34
[ 6779399ms] [LOG] MIDI connected: 0 input(s) @ http://localhost:5173/src/hooks/useMidi.ts?t=1776013325361:34
[ 6779404ms] [WARNING] Error while trying to use the following icon from the Manifest: http://localhost:5173/icon-192.png (Download error or resource isn't a valid image) @ http://localhost:5173/:0
[ 6779712ms] [INFO] %cDownload the React DevTools for a better development experience: https://react.dev/link/react-devtools font-weight:bold @ http://localhost:5173/node_modules/.vite/deps/react-dom_client.js?v=665a8c76:20100
[ 6779739ms] [LOG] MIDI connected: 0 input(s) @ http://localhost:5173/src/hooks/useMidi.ts?t=1776013325361:34
[ 6779739ms] [LOG] MIDI connected: 0 input(s) @ http://localhost:5173/src/hooks/useMidi.ts?t=1776013325361:34
[ 6779752ms] [WARNING] Error while trying to use the following icon from the Manifest: http://localhost:5173/icon-192.png (Download error or resource isn't a valid image) @ http://localhost:5173/:0
[ 6780119ms] [INFO] %cDownload the React DevTools for a better development experience: https://react.dev/link/react-devtools font-weight:bold @ http://localhost:5173/node_modules/.vite/deps/react-dom_client.js?v=665a8c76:20100
[ 6780140ms] [LOG] MIDI connected: 0 input(s) @ http://localhost:5173/src/hooks/useMidi.ts?t=1776013325361:34
[ 6780140ms] [LOG] MIDI connected: 0 input(s) @ http://localhost:5173/src/hooks/useMidi.ts?t=1776013325361:34
[ 6780147ms] [WARNING] Error while trying to use the following icon from the Manifest: http://localhost:5173/icon-192.png (Download error or resource isn't a valid image) @ http://localhost:5173/:0
[ 6780536ms] [INFO] %cDownload the React DevTools for a better development experience: https://react.dev/link/react-devtools font-weight:bold @ http://localhost:5173/node_modules/.vite/deps/react-dom_client.js?v=665a8c76:20100
[ 6780569ms] [LOG] MIDI connected: 0 input(s) @ http://localhost:5173/src/hooks/useMidi.ts?t=1776013325361:34
[ 6780569ms] [LOG] MIDI connected: 0 input(s) @ http://localhost:5173/src/hooks/useMidi.ts?t=1776013325361:34
[ 6780575ms] [WARNING] Error while trying to use the following icon from the Manifest: http://localhost:5173/icon-192.png (Download error or resource isn't a valid image) @ http://localhost:5173/:0
[ 6784137ms] [INFO] %cDownload the React DevTools for a better development experience: https://react.dev/link/react-devtools font-weight:bold @ http://localhost:5173/node_modules/.vite/deps/react-dom_client.js?v=665a8c76:20100
[ 6784217ms] [LOG] MIDI connected: 0 input(s) @ http://localhost:5173/src/hooks/useMidi.ts?t=1776013325361:34
[ 6784218ms] [LOG] MIDI connected: 0 input(s) @ http://localhost:5173/src/hooks/useMidi.ts?t=1776013325361:34
[ 6784285ms] [WARNING] Error while trying to use the following icon from the Manifest: http://localhost:5173/icon-192.png (Download error or resource isn't a valid image) @ http://localhost:5173/:0
[ 6784322ms] [INFO] %cDownload the React DevTools for a better development experience: https://react.dev/link/react-devtools font-weight:bold @ http://localhost:5173/node_modules/.vite/deps/react-dom_client.js?v=665a8c76:20100
[ 6784352ms] [LOG] MIDI connected: 0 input(s) @ http://localhost:5173/src/hooks/useMidi.ts?t=1776013325361:34
[ 6784352ms] [LOG] MIDI connected: 0 input(s) @ http://localhost:5173/src/hooks/useMidi.ts?t=1776013325361:34
[ 6784358ms] [WARNING] Error while trying to use the following icon from the Manifest: http://localhost:5173/icon-192.png (Download error or resource isn't a valid image) @ http://localhost:5173/:0
[ 7192192ms] [INFO] %cDownload the React DevTools for a better development experience: https://react.dev/link/react-devtools font-weight:bold @ http://localhost:5173/node_modules/.vite/deps/react-dom_client.js?v=665a8c76:20100
[ 7192276ms] [LOG] MIDI connected: 0 input(s) @ http://localhost:5173/src/hooks/useMidi.ts?t=1776013325361:34
[ 7192276ms] [LOG] MIDI connected: 0 input(s) @ http://localhost:5173/src/hooks/useMidi.ts?t=1776013325361:34
[ 7192280ms] [WARNING] Error while trying to use the following icon from the Manifest: http://localhost:5173/icon-192.png (Download error or resource isn't a valid image) @ http://localhost:5173/:0
[ 7222118ms] [INFO] %cDownload the React DevTools for a better development experience: https://react.dev/link/react-devtools font-weight:bold @ http://localhost:5173/node_modules/.vite/deps/react-dom_client.js?v=665a8c76:20100
[ 7222137ms] [LOG] MIDI connected: 0 input(s) @ http://localhost:5173/src/hooks/useMidi.ts?t=1776013325361:34
[ 7222138ms] [LOG] MIDI connected: 0 input(s) @ http://localhost:5173/src/hooks/useMidi.ts?t=1776013325361:34
[ 7222157ms] [WARNING] Error while trying to use the following icon from the Manifest: http://localhost:5173/icon-192.png (Download error or resource isn't a valid image) @ http://localhost:5173/:0
[ 7247379ms] [INFO] %cDownload the React DevTools for a better development experience: https://react.dev/link/react-devtools font-weight:bold @ http://localhost:5173/node_modules/.vite/deps/react-dom_client.js?v=665a8c76:20100
[ 7247412ms] [LOG] MIDI connected: 0 input(s) @ http://localhost:5173/src/hooks/useMidi.ts?t=1776013325361:34
[ 7247412ms] [LOG] MIDI connected: 0 input(s) @ http://localhost:5173/src/hooks/useMidi.ts?t=1776013325361:34
[ 7247419ms] [WARNING] Error while trying to use the following icon from the Manifest: http://localhost:5173/icon-192.png (Download error or resource isn't a valid image) @ http://localhost:5173/:0
[ 7270183ms] [INFO] %cDownload the React DevTools for a better development experience: https://react.dev/link/react-devtools font-weight:bold @ http://localhost:5173/node_modules/.vite/deps/react-dom_client.js?v=665a8c76:20100
[ 7270204ms] [LOG] MIDI connected: 0 input(s) @ http://localhost:5173/src/hooks/useMidi.ts?t=1776013325361:34
[ 7270204ms] [LOG] MIDI connected: 0 input(s) @ http://localhost:5173/src/hooks/useMidi.ts?t=1776013325361:34
[ 7270209ms] [WARNING] Error while trying to use the following icon from the Manifest: http://localhost:5173/icon-192.png (Download error or resource isn't a valid image) @ http://localhost:5173/:0
[ 7322937ms] [INFO] %cDownload the React DevTools for a better development experience: https://react.dev/link/react-devtools font-weight:bold @ http://localhost:5173/node_modules/.vite/deps/react-dom_client.js?v=665a8c76:20100
[ 7322978ms] [LOG] MIDI connected: 0 input(s) @ http://localhost:5173/src/hooks/useMidi.ts?t=1776013325361:34
[ 7322978ms] [LOG] MIDI connected: 0 input(s) @ http://localhost:5173/src/hooks/useMidi.ts?t=1776013325361:34
[ 7322982ms] [WARNING] Error while trying to use the following icon from the Manifest: http://localhost:5173/icon-192.png (Download error or resource isn't a valid image) @ http://localhost:5173/:0
[ 7345008ms] [INFO] %cDownload the React DevTools for a better development experience: https://react.dev/link/react-devtools font-weight:bold @ http://localhost:5173/node_modules/.vite/deps/react-dom_client.js?v=665a8c76:20100
[ 7345131ms] [LOG] MIDI connected: 0 input(s) @ http://localhost:5173/src/hooks/useMidi.ts?t=1776013325361:34
[ 7345131ms] [LOG] MIDI connected: 0 input(s) @ http://localhost:5173/src/hooks/useMidi.ts?t=1776013325361:34
[ 7345135ms] [WARNING] Error while trying to use the following icon from the Manifest: http://localhost:5173/icon-192.png (Download error or resource isn't a valid image) @ http://localhost:5173/:0
[ 7630846ms] [INFO] %cDownload the React DevTools for a better development experience: https://react.dev/link/react-devtools font-weight:bold @ http://localhost:5173/node_modules/.vite/deps/react-dom_client.js?v=665a8c76:20100
[ 7630924ms] [LOG] MIDI connected: 0 input(s) @ http://localhost:5173/src/hooks/useMidi.ts?t=1776013325361:34
[ 7630924ms] [LOG] MIDI connected: 0 input(s) @ http://localhost:5173/src/hooks/useMidi.ts?t=1776013325361:34
[ 7630934ms] [WARNING] Error while trying to use the following icon from the Manifest: http://localhost:5173/icon-192.png (Download error or resource isn't a valid image) @ http://localhost:5173/:0
[ 7663409ms] [INFO] %cDownload the React DevTools for a better development experience: https://react.dev/link/react-devtools font-weight:bold @ http://localhost:5173/node_modules/.vite/deps/react-dom_client.js?v=665a8c76:20100
[ 7663423ms] [LOG] MIDI connected: 0 input(s) @ http://localhost:5173/src/hooks/useMidi.ts?t=1776013325361:34
[ 7663424ms] [LOG] MIDI connected: 0 input(s) @ http://localhost:5173/src/hooks/useMidi.ts?t=1776013325361:34
[ 7663425ms] [WARNING] Error while trying to use the following icon from the Manifest: http://localhost:5173/icon-192.png (Download error or resource isn't a valid image) @ http://localhost:5173/:0
[ 7736252ms] [INFO] %cDownload the React DevTools for a better development experience: https://react.dev/link/react-devtools font-weight:bold @ http://localhost:5173/node_modules/.vite/deps/react-dom_client.js?v=665a8c76:20100
[ 7736270ms] [LOG] MIDI connected: 0 input(s) @ http://localhost:5173/src/hooks/useMidi.ts?t=1776013325361:34
[ 7736270ms] [LOG] MIDI connected: 0 input(s) @ http://localhost:5173/src/hooks/useMidi.ts?t=1776013325361:34
[ 7736276ms] [WARNING] Error while trying to use the following icon from the Manifest: http://localhost:5173/icon-192.png (Download error or resource isn't a valid image) @ http://localhost:5173/:0
[ 7739653ms] [INFO] %cDownload the React DevTools for a better development experience: https://react.dev/link/react-devtools font-weight:bold @ http://localhost:5173/node_modules/.vite/deps/react-dom_client.js?v=665a8c76:20100
[ 7739676ms] [LOG] MIDI connected: 0 input(s) @ http://localhost:5173/src/hooks/useMidi.ts?t=1776013325361:34
[ 7739676ms] [LOG] MIDI connected: 0 input(s) @ http://localhost:5173/src/hooks/useMidi.ts?t=1776013325361:34
[ 7739682ms] [WARNING] Error while trying to use the following icon from the Manifest: http://localhost:5173/icon-192.png (Download error or resource isn't a valid image) @ http://localhost:5173/:0
[ 7740028ms] [INFO] %cDownload the React DevTools for a better development experience: https://react.dev/link/react-devtools font-weight:bold @ http://localhost:5173/node_modules/.vite/deps/react-dom_client.js?v=665a8c76:20100
[ 7740046ms] [LOG] MIDI connected: 0 input(s) @ http://localhost:5173/src/hooks/useMidi.ts?t=1776013325361:34
[ 7740046ms] [LOG] MIDI connected: 0 input(s) @ http://localhost:5173/src/hooks/useMidi.ts?t=1776013325361:34
[ 7740050ms] [WARNING] Error while trying to use the following icon from the Manifest: http://localhost:5173/icon-192.png (Download error or resource isn't a valid image) @ http://localhost:5173/:0
