[      28ms] [INFO] %cDownload the React DevTools for a better development experience: https://react.dev/link/react-devtools font-weight:bold @ http://localhost:5173/node_modules/.vite/deps/react-dom_client.js?v=665a8c76:20100
[      64ms] [LOG] MIDI connected: 0 input(s) @ http://localhost:5173/src/hooks/useMidi.ts?t=1776013325361:34
[      64ms] [LOG] MIDI connected: 0 input(s) @ http://localhost:5173/src/hooks/useMidi.ts?t=1776013325361:34
[      83ms] [WARNING] Error while trying to use the following icon from the Manifest: http://localhost:5173/icon-192.png (Download error or resource isn't a valid image) @ http://localhost:5173/:0
[    3199ms] [LOG] WASM worklet init failed (using TS fallback): TypeError: WebAssembly.instantiate(): Import #0 "a": module is not an object or function @ http://localhost:5173/src/audio/AudioEngine.ts?t=1776013325361:494
[   78527ms] [INFO] %cDownload the React DevTools for a better development experience: https://react.dev/link/react-devtools font-weight:bold @ http://localhost:5173/node_modules/.vite/deps/react-dom_client.js?v=665a8c76:20100
[   78541ms] [LOG] MIDI connected: 0 input(s) @ http://localhost:5173/src/hooks/useMidi.ts?t=1776017266762:34
[   78541ms] [LOG] MIDI connected: 0 input(s) @ http://localhost:5173/src/hooks/useMidi.ts?t=1776017266762:34
[   78545ms] [WARNING] Error while trying to use the following icon from the Manifest: http://localhost:5173/icon-192.png (Download error or resource isn't a valid image) @ http://localhost:5173/:0
[   81185ms] [LOG] WASM worklet init failed (using TS fallback): TypeError: WebAssembly.instantiate(): Import #0 "a": module is not an object or function @ http://localhost:5173/src/audio/AudioEngine.ts?t=1776017266762:625
[  252403ms] [INFO] %cDownload the React DevTools for a better development experience: https://react.dev/link/react-devtools font-weight:bold @ http://localhost:5173/node_modules/.vite/deps/react-dom_client.js?v=665a8c76:20100
[  252478ms] [WARNING] Error while trying to use the following icon from the Manifest: http://localhost:5173/icon-192.png (Download error or resource isn't a valid image) @ http://localhost:5173/:0
[  252479ms] [LOG] MIDI connected: 0 input(s) @ http://localhost:5173/src/hooks/useMidi.ts?t=1776017266762:34
[  252479ms] [LOG] MIDI connected: 0 input(s) @ http://localhost:5173/src/hooks/useMidi.ts?t=1776017266762:34
[  254920ms] [LOG] WASM worklet init failed (using TS fallback): TypeError: WebAssembly.instantiate(): Import #0 "a": module is not an object or function @ http://localhost:5173/src/audio/AudioEngine.ts?t=1776017266762:625
[  289263ms] [INFO] %cDownload the React DevTools for a better development experience: https://react.dev/link/react-devtools font-weight:bold @ http://localhost:5173/node_modules/.vite/deps/react-dom_client.js?v=665a8c76:20100
[  289293ms] [LOG] MIDI connected: 0 input(s) @ http://localhost:5173/src/hooks/useMidi.ts?t=1776017266762:34
[  289293ms] [WARNING] Error while trying to use the following icon from the Manifest: http://localhost:5173/icon-192.png (Download error or resource isn't a valid image) @ http://localhost:5173/:0
[  289293ms] [LOG] MIDI connected: 0 input(s) @ http://localhost:5173/src/hooks/useMidi.ts?t=1776017266762:34
[  289625ms] [INFO] %cDownload the React DevTools for a better development experience: https://react.dev/link/react-devtools font-weight:bold @ http://localhost:5173/node_modules/.vite/deps/react-dom_client.js?v=665a8c76:20100
[  289633ms] [LOG] MIDI connected: 0 input(s) @ http://localhost:5173/src/hooks/useMidi.ts?t=1776017266762:34
[  289633ms] [LOG] MIDI connected: 0 input(s) @ http://localhost:5173/src/hooks/useMidi.ts?t=1776017266762:34
[  289635ms] [WARNING] Error while trying to use the following icon from the Manifest: http://localhost:5173/icon-192.png (Download error or resource isn't a valid image) @ http://localhost:5173/:0
