[      18ms] [INFO] %cDownload the React DevTools for a better development experience: https://react.dev/link/react-devtools font-weight:bold @ http://localhost:5173/node_modules/.vite/deps/react-dom_client.js?v=665a8c76:20100
[      58ms] [LOG] MIDI connected: 0 input(s) @ http://localhost:5173/src/hooks/useMidi.ts?t=1776024991908:34
[      58ms] [LOG] MIDI connected: 0 input(s) @ http://localhost:5173/src/hooks/useMidi.ts?t=1776024991908:34
[      63ms] [WARNING] Error while trying to use the following icon from the Manifest: http://localhost:5173/icon-192.png (Download error or resource isn't a valid image) @ http://localhost:5173/:0
[    3383ms] [LOG] WASM worklet init failed (using TS fallback): TypeError: WebAssembly.instantiate(): Import #0 "a": module is not an object or function @ http://localhost:5173/src/audio/AudioEngine.ts?t=1776024595875:640
[  366052ms] [INFO] %cDownload the React DevTools for a better development experience: https://react.dev/link/react-devtools font-weight:bold @ http://localhost:5173/node_modules/.vite/deps/react-dom_client.js?v=665a8c76:20100
[  366103ms] [LOG] MIDI connected: 0 input(s) @ http://localhost:5173/src/hooks/useMidi.ts?t=1776025671935:34
[  366103ms] [LOG] MIDI connected: 0 input(s) @ http://localhost:5173/src/hooks/useMidi.ts?t=1776025671935:34
[  366111ms] [WARNING] Error while trying to use the following icon from the Manifest: http://localhost:5173/icon-192.png (Download error or resource isn't a valid image) @ http://localhost:5173/:0
[  382905ms] [LOG] WASM worklet init failed (using TS fallback): TypeError: WebAssembly.instantiate(): Import #0 "a": module is not an object or function @ http://localhost:5173/src/audio/AudioEngine.ts?t=1776025671935:666
[  437585ms] [INFO] %cDownload the React DevTools for a better development experience: https://react.dev/link/react-devtools font-weight:bold @ http://localhost:5173/node_modules/.vite/deps/react-dom_client.js?v=665a8c76:20100
[  437654ms] [LOG] MIDI connected: 0 input(s) @ http://localhost:5173/src/hooks/useMidi.ts?t=1776025671935:34
[  437656ms] [LOG] MIDI connected: 0 input(s) @ http://localhost:5173/src/hooks/useMidi.ts?t=1776025671935:34
[  437670ms] [WARNING] Error while trying to use the following icon from the Manifest: http://localhost:5173/icon-192.png (Download error or resource isn't a valid image) @ http://localhost:5173/:0
[  445731ms] [LOG] WASM worklet init failed (using TS fallback): TypeError: WebAssembly.instantiate(): Import #0 "a": module is not an object or function @ http://localhost:5173/src/audio/AudioEngine.ts?t=1776025671935:666
[  551115ms] [INFO] %cDownload the React DevTools for a better development experience: https://react.dev/link/react-devtools font-weight:bold @ http://localhost:5173/node_modules/.vite/deps/react-dom_client.js?v=665a8c76:20100
[  551160ms] [LOG] MIDI connected: 0 input(s) @ http://localhost:5173/src/hooks/useMidi.ts?t=1776025671935:34
[  551161ms] [LOG] MIDI connected: 0 input(s) @ http://localhost:5173/src/hooks/useMidi.ts?t=1776025671935:34
[  551165ms] [WARNING] Error while trying to use the following icon from the Manifest: http://localhost:5173/icon-192.png (Download error or resource isn't a valid image) @ http://localhost:5173/:0
[  557194ms] [LOG] WASM worklet init failed (using TS fallback): TypeError: WebAssembly.instantiate(): Import #0 "a": module is not an object or function @ http://localhost:5173/src/audio/AudioEngine.ts?t=1776025671935:666
[  561012ms] [INFO] %cDownload the React DevTools for a better development experience: https://react.dev/link/react-devtools font-weight:bold @ http://localhost:5173/node_modules/.vite/deps/react-dom_client.js?v=665a8c76:20100
[  561036ms] [LOG] MIDI connected: 0 input(s) @ http://localhost:5173/src/hooks/useMidi.ts?t=1776025671935:34
[  561036ms] [LOG] MIDI connected: 0 input(s) @ http://localhost:5173/src/hooks/useMidi.ts?t=1776025671935:34
[  561043ms] [WARNING] Error while trying to use the following icon from the Manifest: http://localhost:5173/icon-192.png (Download error or resource isn't a valid image) @ http://localhost:5173/:0
[  569322ms] [LOG] WASM worklet init failed (using TS fallback): TypeError: WebAssembly.instantiate(): Import #0 "a": module is not an object or function @ http://localhost:5173/src/audio/AudioEngine.ts?t=1776025671935:666
[  583767ms] [INFO] %cDownload the React DevTools for a better development experience: https://react.dev/link/react-devtools font-weight:bold @ http://localhost:5173/node_modules/.vite/deps/react-dom_client.js?v=665a8c76:20100
[  583775ms] [LOG] MIDI connected: 0 input(s) @ http://localhost:5173/src/hooks/useMidi.ts?t=1776025671935:34
[  583775ms] [LOG] MIDI connected: 0 input(s) @ http://localhost:5173/src/hooks/useMidi.ts?t=1776025671935:34
[  583794ms] [WARNING] Error while trying to use the following icon from the Manifest: http://localhost:5173/icon-192.png (Download error or resource isn't a valid image) @ http://localhost:5173/:0
[  625278ms] [LOG] WASM worklet init failed (using TS fallback): TypeError: WebAssembly.instantiate(): Import #0 "a": module is not an object or function @ http://localhost:5173/src/audio/AudioEngine.ts?t=1776025671935:666
[  717848ms] [INFO] %cDownload the React DevTools for a better development experience: https://react.dev/link/react-devtools font-weight:bold @ http://localhost:5173/node_modules/.vite/deps/react-dom_client.js?v=665a8c76:20100
[  717908ms] [LOG] MIDI connected: 0 input(s) @ http://localhost:5173/src/hooks/useMidi.ts?t=1776025970721:34
[  717908ms] [LOG] MIDI connected: 0 input(s) @ http://localhost:5173/src/hooks/useMidi.ts?t=1776025970721:34
[  717942ms] [WARNING] Error while trying to use the following icon from the Manifest: http://localhost:5173/icon-192.png (Download error or resource isn't a valid image) @ http://localhost:5173/:0
